\BOOKMARK [0][-]{chapter.1}{\376\377\0001\000\040\000H\000i\000e\000r\000a\000r\000c\000h\000i\000c\000a\000l\000\040\000I\000n\000d\000e\000x}{}% 1
\BOOKMARK [1][-]{section.1.1}{\376\377\0001\000.\0001\000\040\000C\000l\000a\000s\000s\000\040\000H\000i\000e\000r\000a\000r\000c\000h\000y}{chapter.1}% 2
\BOOKMARK [0][-]{chapter.2}{\376\377\0002\000\040\000C\000l\000a\000s\000s\000\040\000I\000n\000d\000e\000x}{}% 3
\BOOKMARK [1][-]{section.2.1}{\376\377\0002\000.\0001\000\040\000C\000l\000a\000s\000s\000\040\000L\000i\000s\000t}{chapter.2}% 4
\BOOKMARK [0][-]{chapter.3}{\376\377\0003\000\040\000C\000l\000a\000s\000s\000\040\000D\000o\000c\000u\000m\000e\000n\000t\000a\000t\000i\000o\000n}{}% 5
\BOOKMARK [1][-]{section.3.1}{\376\377\0003\000.\0001\000\040\000A\000n\000i\000m\000a\000l\000\040\000C\000l\000a\000s\000s\000\040\000R\000e\000f\000e\000r\000e\000n\000c\000e}{chapter.3}% 6
\BOOKMARK [2][-]{subsection.3.1.1}{\376\377\0003\000.\0001\000.\0001\000\040\000M\000e\000m\000b\000e\000r\000\040\000F\000u\000n\000c\000t\000i\000o\000n\000\040\000D\000o\000c\000u\000m\000e\000n\000t\000a\000t\000i\000o\000n}{section.3.1}% 7
\BOOKMARK [3][-]{subsubsection.3.1.1.1}{\376\377\0003\000.\0001\000.\0001\000.\0001\000\040\000a\000n\000i\000m\000a\000l\000T\000o\000O\000S\000t\000r\000e\000a\000m\000\050\000\051}{subsection.3.1.1}% 8
\BOOKMARK [3][-]{subsubsection.3.1.1.2}{\376\377\0003\000.\0001\000.\0001\000.\0002\000\040\000d\000e\000c\000i\000d\000e\000I\000f\000D\000i\000s\000c\000o\000u\000n\000t\000\050\000\051}{subsection.3.1.1}% 9
\BOOKMARK [3][-]{subsubsection.3.1.1.3}{\376\377\0003\000.\0001\000.\0001\000.\0003\000\040\000o\000p\000e\000r\000a\000t\000o\000r\000=\000\050\000\051}{subsection.3.1.1}% 10
\BOOKMARK [2][-]{subsection.3.1.2}{\376\377\0003\000.\0001\000.\0002\000\040\000F\000r\000i\000e\000n\000d\000s\000\040\000A\000n\000d\000\040\000R\000e\000l\000a\000t\000e\000d\000\040\000F\000u\000n\000c\000t\000i\000o\000n\000\040\000D\000o\000c\000u\000m\000e\000n\000t\000a\000t\000i\000o\000n}{section.3.1}% 11
\BOOKMARK [3][-]{subsubsection.3.1.2.1}{\376\377\0003\000.\0001\000.\0002\000.\0001\000\040\000o\000p\000e\000r\000a\000t\000o\000r\000<\000<}{subsection.3.1.2}% 12
\BOOKMARK [3][-]{subsubsection.3.1.2.2}{\376\377\0003\000.\0001\000.\0002\000.\0002\000\040\000o\000p\000e\000r\000a\000t\000o\000r\000>\000>}{subsection.3.1.2}% 13
\BOOKMARK [1][-]{section.3.2}{\376\377\0003\000.\0002\000\040\000C\000a\000s\000h\000R\000e\000g\000i\000s\000t\000e\000r\000\040\000C\000l\000a\000s\000s\000\040\000R\000e\000f\000e\000r\000e\000n\000c\000e}{chapter.3}% 14
\BOOKMARK [2][-]{subsection.3.2.1}{\376\377\0003\000.\0002\000.\0001\000\040\000M\000e\000m\000b\000e\000r\000\040\000F\000u\000n\000c\000t\000i\000o\000n\000\040\000D\000o\000c\000u\000m\000e\000n\000t\000a\000t\000i\000o\000n}{section.3.2}% 15
\BOOKMARK [3][-]{subsubsection.3.2.1.1}{\376\377\0003\000.\0002\000.\0001\000.\0001\000\040\000c\000a\000s\000h\000R\000e\000g\000i\000s\000t\000e\000r\000T\000o\000O\000S\000t\000r\000e\000a\000m\000\050\000\051}{subsection.3.2.1}% 16
\BOOKMARK [3][-]{subsubsection.3.2.1.2}{\376\377\0003\000.\0002\000.\0001\000.\0002\000\040\000c\000o\000l\000l\000e\000c\000t\000C\000a\000s\000h\000\050\000\051}{subsection.3.2.1}% 17
\BOOKMARK [3][-]{subsubsection.3.2.1.3}{\376\377\0003\000.\0002\000.\0001\000.\0003\000\040\000o\000p\000e\000r\000a\000t\000o\000r\000+\000+\000\050\000\051}{subsection.3.2.1}% 18
\BOOKMARK [3][-]{subsubsection.3.2.1.4}{\376\377\0003\000.\0002\000.\0001\000.\0004\000\040\000o\000p\000e\000r\000a\000t\000o\000r\000[\000]\000\050\000\051}{subsection.3.2.1}% 19
\BOOKMARK [3][-]{subsubsection.3.2.1.5}{\376\377\0003\000.\0002\000.\0001\000.\0005\000\040\000s\000p\000e\000n\000d\000C\000a\000s\000h\000\050\000\051}{subsection.3.2.1}% 20
\BOOKMARK [2][-]{subsection.3.2.2}{\376\377\0003\000.\0002\000.\0002\000\040\000F\000r\000i\000e\000n\000d\000s\000\040\000A\000n\000d\000\040\000R\000e\000l\000a\000t\000e\000d\000\040\000F\000u\000n\000c\000t\000i\000o\000n\000\040\000D\000o\000c\000u\000m\000e\000n\000t\000a\000t\000i\000o\000n}{section.3.2}% 21
\BOOKMARK [3][-]{subsubsection.3.2.2.1}{\376\377\0003\000.\0002\000.\0002\000.\0001\000\040\000o\000p\000e\000r\000a\000t\000o\000r\000<\000<}{subsection.3.2.2}% 22
\BOOKMARK [3][-]{subsubsection.3.2.2.2}{\376\377\0003\000.\0002\000.\0002\000.\0002\000\040\000o\000p\000e\000r\000a\000t\000o\000r\000>\000>}{subsection.3.2.2}% 23
\BOOKMARK [1][-]{section.3.3}{\376\377\0003\000.\0003\000\040\000L\000i\000s\000t\000M\000B\000<\000\040\000T\000\040\000>\000\040\000C\000l\000a\000s\000s\000\040\000T\000e\000m\000p\000l\000a\000t\000e\000\040\000R\000e\000f\000e\000r\000e\000n\000c\000e}{chapter.3}% 24
\BOOKMARK [2][-]{subsection.3.3.1}{\376\377\0003\000.\0003\000.\0001\000\040\000D\000e\000t\000a\000i\000l\000e\000d\000\040\000D\000e\000s\000c\000r\000i\000p\000t\000i\000o\000n}{section.3.3}% 25
\BOOKMARK [2][-]{subsection.3.3.2}{\376\377\0003\000.\0003\000.\0002\000\040\000C\000o\000n\000s\000t\000r\000u\000c\000t\000o\000r\000\040\000\046\000\040\000D\000e\000s\000t\000r\000u\000c\000t\000o\000r\000\040\000D\000o\000c\000u\000m\000e\000n\000t\000a\000t\000i\000o\000n}{section.3.3}% 26
\BOOKMARK [3][-]{subsubsection.3.3.2.1}{\376\377\0003\000.\0003\000.\0002\000.\0001\000\040\000L\000i\000s\000t\000M\000B\000\050\000\051}{subsection.3.3.2}% 27
\BOOKMARK [2][-]{subsection.3.3.3}{\376\377\0003\000.\0003\000.\0003\000\040\000M\000e\000m\000b\000e\000r\000\040\000F\000u\000n\000c\000t\000i\000o\000n\000\040\000D\000o\000c\000u\000m\000e\000n\000t\000a\000t\000i\000o\000n}{section.3.3}% 28
\BOOKMARK [3][-]{subsubsection.3.3.3.1}{\376\377\0003\000.\0003\000.\0003\000.\0001\000\040\000o\000p\000e\000r\000a\000t\000o\000r\000=\000\050\000\051}{subsection.3.3.3}% 29
\BOOKMARK [3][-]{subsubsection.3.3.3.2}{\376\377\0003\000.\0003\000.\0003\000.\0002\000\040\000p\000o\000p\000D\000a\000t\000a\000\050\000\051}{subsection.3.3.3}% 30
\BOOKMARK [3][-]{subsubsection.3.3.3.3}{\376\377\0003\000.\0003\000.\0003\000.\0003\000\040\000p\000u\000s\000h\000D\000a\000t\000a\000\050\000\051}{subsection.3.3.3}% 31
\BOOKMARK [1][-]{section.3.4}{\376\377\0003\000.\0004\000\040\000N\000o\000d\000e\000M\000B\000<\000\040\000T\000\040\000>\000\040\000C\000l\000a\000s\000s\000\040\000T\000e\000m\000p\000l\000a\000t\000e\000\040\000R\000e\000f\000e\000r\000e\000n\000c\000e}{chapter.3}% 32
\BOOKMARK [2][-]{subsection.3.4.1}{\376\377\0003\000.\0004\000.\0001\000\040\000D\000e\000t\000a\000i\000l\000e\000d\000\040\000D\000e\000s\000c\000r\000i\000p\000t\000i\000o\000n}{section.3.4}% 33
\BOOKMARK [1][-]{section.3.5}{\376\377\0003\000.\0005\000\040\000P\000e\000t\000F\000o\000o\000d\000\040\000C\000l\000a\000s\000s\000\040\000R\000e\000f\000e\000r\000e\000n\000c\000e}{chapter.3}% 34
\BOOKMARK [2][-]{subsection.3.5.1}{\376\377\0003\000.\0005\000.\0001\000\040\000M\000e\000m\000b\000e\000r\000\040\000F\000u\000n\000c\000t\000i\000o\000n\000\040\000D\000o\000c\000u\000m\000e\000n\000t\000a\000t\000i\000o\000n}{section.3.5}% 35
\BOOKMARK [3][-]{subsubsection.3.5.1.1}{\376\377\0003\000.\0005\000.\0001\000.\0001\000\040\000d\000e\000c\000i\000d\000e\000I\000f\000D\000i\000s\000c\000o\000u\000n\000t\000\050\000\051}{subsection.3.5.1}% 36
\BOOKMARK [2][-]{subsection.3.5.2}{\376\377\0003\000.\0005\000.\0002\000\040\000F\000r\000i\000e\000n\000d\000s\000\040\000A\000n\000d\000\040\000R\000e\000l\000a\000t\000e\000d\000\040\000F\000u\000n\000c\000t\000i\000o\000n\000\040\000D\000o\000c\000u\000m\000e\000n\000t\000a\000t\000i\000o\000n}{section.3.5}% 37
\BOOKMARK [3][-]{subsubsection.3.5.2.1}{\376\377\0003\000.\0005\000.\0002\000.\0001\000\040\000o\000p\000e\000r\000a\000t\000o\000r\000<\000<}{subsection.3.5.2}% 38
\BOOKMARK [3][-]{subsubsection.3.5.2.2}{\376\377\0003\000.\0005\000.\0002\000.\0002\000\040\000o\000p\000e\000r\000a\000t\000o\000r\000>\000>}{subsection.3.5.2}% 39
\BOOKMARK [1][-]{section.3.6}{\376\377\0003\000.\0006\000\040\000P\000e\000t\000S\000h\000o\000p\000\040\000C\000l\000a\000s\000s\000\040\000R\000e\000f\000e\000r\000e\000n\000c\000e}{chapter.3}% 40
\BOOKMARK [2][-]{subsection.3.6.1}{\376\377\0003\000.\0006\000.\0001\000\040\000D\000e\000t\000a\000i\000l\000e\000d\000\040\000D\000e\000s\000c\000r\000i\000p\000t\000i\000o\000n}{section.3.6}% 41
\BOOKMARK [2][-]{subsection.3.6.2}{\376\377\0003\000.\0006\000.\0002\000\040\000C\000o\000n\000s\000t\000r\000u\000c\000t\000o\000r\000\040\000\046\000\040\000D\000e\000s\000t\000r\000u\000c\000t\000o\000r\000\040\000D\000o\000c\000u\000m\000e\000n\000t\000a\000t\000i\000o\000n}{section.3.6}% 42
\BOOKMARK [3][-]{subsubsection.3.6.2.1}{\376\377\0003\000.\0006\000.\0002\000.\0001\000\040\000P\000e\000t\000S\000h\000o\000p\000\050\000\051}{subsection.3.6.2}% 43
\BOOKMARK [2][-]{subsection.3.6.3}{\376\377\0003\000.\0006\000.\0003\000\040\000M\000e\000m\000b\000e\000r\000\040\000F\000u\000n\000c\000t\000i\000o\000n\000\040\000D\000o\000c\000u\000m\000e\000n\000t\000a\000t\000i\000o\000n}{section.3.6}% 44
\BOOKMARK [3][-]{subsubsection.3.6.3.1}{\376\377\0003\000.\0006\000.\0003\000.\0001\000\040\000a\000d\000d\000A\000n\000i\000m\000a\000l\000\050\000\051}{subsection.3.6.3}% 45
\BOOKMARK [3][-]{subsubsection.3.6.3.2}{\376\377\0003\000.\0006\000.\0003\000.\0002\000\040\000a\000d\000d\000P\000e\000t\000F\000o\000o\000d\000\050\000\051}{subsection.3.6.3}% 46
\BOOKMARK [3][-]{subsubsection.3.6.3.3}{\376\377\0003\000.\0006\000.\0003\000.\0003\000\040\000a\000d\000d\000P\000e\000t\000T\000o\000y\000\050\000\051}{subsection.3.6.3}% 47
\BOOKMARK [3][-]{subsubsection.3.6.3.4}{\376\377\0003\000.\0006\000.\0003\000.\0004\000\040\000d\000e\000c\000i\000d\000e\000I\000f\000D\000i\000s\000c\000o\000u\000n\000t\000\050\000\051}{subsection.3.6.3}% 48
\BOOKMARK [3][-]{subsubsection.3.6.3.5}{\376\377\0003\000.\0006\000.\0003\000.\0005\000\040\000o\000p\000e\000r\000a\000t\000o\000r\000\040\000d\000o\000u\000b\000l\000e\000\050\000\051}{subsection.3.6.3}% 49
\BOOKMARK [3][-]{subsubsection.3.6.3.6}{\376\377\0003\000.\0006\000.\0003\000.\0006\000\040\000o\000p\000e\000r\000a\000t\000o\000r\000+\000\050\000\051\000\040\000[\0001\000/\0002\000]}{subsection.3.6.3}% 50
\BOOKMARK [3][-]{subsubsection.3.6.3.7}{\376\377\0003\000.\0006\000.\0003\000.\0007\000\040\000o\000p\000e\000r\000a\000t\000o\000r\000+\000\050\000\051\000\040\000[\0002\000/\0002\000]}{subsection.3.6.3}% 51
\BOOKMARK [3][-]{subsubsection.3.6.3.8}{\376\377\0003\000.\0006\000.\0003\000.\0008\000\040\000o\000p\000e\000r\000a\000t\000o\000r\000+\000=\000\050\000\051\000\040\000[\0001\000/\0003\000]}{subsection.3.6.3}% 52
\BOOKMARK [3][-]{subsubsection.3.6.3.9}{\376\377\0003\000.\0006\000.\0003\000.\0009\000\040\000o\000p\000e\000r\000a\000t\000o\000r\000+\000=\000\050\000\051\000\040\000[\0002\000/\0003\000]}{subsection.3.6.3}% 53
\BOOKMARK [3][-]{subsubsection.3.6.3.10}{\376\377\0003\000.\0006\000.\0003\000.\0001\0000\000\040\000o\000p\000e\000r\000a\000t\000o\000r\000+\000=\000\050\000\051\000\040\000[\0003\000/\0003\000]}{subsection.3.6.3}% 54
\BOOKMARK [3][-]{subsubsection.3.6.3.11}{\376\377\0003\000.\0006\000.\0003\000.\0001\0001\000\040\000r\000e\000t\000u\000r\000n\000A\000n\000i\000m\000a\000l\000\050\000\051}{subsection.3.6.3}% 55
\BOOKMARK [3][-]{subsubsection.3.6.3.12}{\376\377\0003\000.\0006\000.\0003\000.\0001\0002\000\040\000r\000e\000t\000u\000r\000n\000P\000e\000t\000F\000o\000o\000d\000\050\000\051}{subsection.3.6.3}% 56
\BOOKMARK [3][-]{subsubsection.3.6.3.13}{\376\377\0003\000.\0006\000.\0003\000.\0001\0003\000\040\000r\000e\000t\000u\000r\000n\000P\000e\000t\000T\000o\000y\000\050\000\051}{subsection.3.6.3}% 57
\BOOKMARK [3][-]{subsubsection.3.6.3.14}{\376\377\0003\000.\0006\000.\0003\000.\0001\0004\000\040\000u\000p\000d\000a\000t\000e\000A\000d\000r\000e\000s\000s\000\050\000\051}{subsection.3.6.3}% 58
\BOOKMARK [3][-]{subsubsection.3.6.3.15}{\376\377\0003\000.\0006\000.\0003\000.\0001\0005\000\040\000u\000p\000d\000a\000t\000e\000N\000a\000m\000e\000\050\000\051}{subsection.3.6.3}% 59
\BOOKMARK [3][-]{subsubsection.3.6.3.16}{\376\377\0003\000.\0006\000.\0003\000.\0001\0006\000\040\000u\000p\000d\000a\000t\000e\000S\000h\000o\000p\000D\000e\000t\000a\000i\000l\000s\000\050\000\051}{subsection.3.6.3}% 60
\BOOKMARK [3][-]{subsubsection.3.6.3.17}{\376\377\0003\000.\0006\000.\0003\000.\0001\0007\000\040\000u\000p\000d\000a\000t\000e\000T\000a\000x\000N\000u\000m\000b\000e\000r\000\050\000\051}{subsection.3.6.3}% 61
\BOOKMARK [3][-]{subsubsection.3.6.3.18}{\376\377\0003\000.\0006\000.\0003\000.\0001\0008\000\040\000u\000s\000e\000r\000A\000d\000d\000A\000n\000i\000m\000a\000l\000\050\000\051}{subsection.3.6.3}% 62
\BOOKMARK [3][-]{subsubsection.3.6.3.19}{\376\377\0003\000.\0006\000.\0003\000.\0001\0009\000\040\000u\000s\000e\000r\000A\000d\000d\000P\000e\000t\000F\000o\000o\000d\000\050\000\051}{subsection.3.6.3}% 63
\BOOKMARK [3][-]{subsubsection.3.6.3.20}{\376\377\0003\000.\0006\000.\0003\000.\0002\0000\000\040\000u\000s\000e\000r\000A\000d\000d\000P\000e\000t\000T\000o\000y\000\050\000\051}{subsection.3.6.3}% 64
\BOOKMARK [3][-]{subsubsection.3.6.3.21}{\376\377\0003\000.\0006\000.\0003\000.\0002\0001\000\040\000u\000s\000e\000r\000C\000h\000o\000o\000s\000e\000A\000n\000i\000m\000a\000l\000\050\000\051}{subsection.3.6.3}% 65
\BOOKMARK [3][-]{subsubsection.3.6.3.22}{\376\377\0003\000.\0006\000.\0003\000.\0002\0002\000\040\000u\000s\000e\000r\000C\000h\000o\000o\000s\000e\000P\000e\000t\000F\000o\000o\000d\000\050\000\051}{subsection.3.6.3}% 66
\BOOKMARK [3][-]{subsubsection.3.6.3.23}{\376\377\0003\000.\0006\000.\0003\000.\0002\0003\000\040\000u\000s\000e\000r\000C\000h\000o\000o\000s\000e\000P\000e\000t\000T\000o\000y\000\050\000\051}{subsection.3.6.3}% 67
\BOOKMARK [3][-]{subsubsection.3.6.3.24}{\376\377\0003\000.\0006\000.\0003\000.\0002\0004\000\040\000u\000s\000e\000r\000F\000e\000e\000d\000A\000n\000i\000m\000a\000l\000\050\000\051}{subsection.3.6.3}% 68
\BOOKMARK [3][-]{subsubsection.3.6.3.25}{\376\377\0003\000.\0006\000.\0003\000.\0002\0005\000\040\000u\000s\000e\000r\000U\000p\000d\000a\000t\000e\000A\000d\000r\000e\000s\000s\000\050\000\051}{subsection.3.6.3}% 69
\BOOKMARK [3][-]{subsubsection.3.6.3.26}{\376\377\0003\000.\0006\000.\0003\000.\0002\0006\000\040\000u\000s\000e\000r\000U\000p\000d\000a\000t\000e\000N\000a\000m\000e\000\050\000\051}{subsection.3.6.3}% 70
\BOOKMARK [3][-]{subsubsection.3.6.3.27}{\376\377\0003\000.\0006\000.\0003\000.\0002\0007\000\040\000u\000s\000e\000r\000U\000p\000d\000a\000t\000e\000T\000a\000x\000N\000u\000m\000b\000e\000r\000\050\000\051}{subsection.3.6.3}% 71
\BOOKMARK [2][-]{subsection.3.6.4}{\376\377\0003\000.\0006\000.\0004\000\040\000F\000r\000i\000e\000n\000d\000s\000\040\000A\000n\000d\000\040\000R\000e\000l\000a\000t\000e\000d\000\040\000F\000u\000n\000c\000t\000i\000o\000n\000\040\000D\000o\000c\000u\000m\000e\000n\000t\000a\000t\000i\000o\000n}{section.3.6}% 72
\BOOKMARK [3][-]{subsubsection.3.6.4.1}{\376\377\0003\000.\0006\000.\0004\000.\0001\000\040\000o\000p\000e\000r\000a\000t\000o\000r\000<\000<}{subsection.3.6.4}% 73
\BOOKMARK [3][-]{subsubsection.3.6.4.2}{\376\377\0003\000.\0006\000.\0004\000.\0002\000\040\000o\000p\000e\000r\000a\000t\000o\000r\000>\000>}{subsection.3.6.4}% 74
\BOOKMARK [1][-]{section.3.7}{\376\377\0003\000.\0007\000\040\000P\000e\000t\000T\000o\000y\000\040\000C\000l\000a\000s\000s\000\040\000R\000e\000f\000e\000r\000e\000n\000c\000e}{chapter.3}% 75
\BOOKMARK [2][-]{subsection.3.7.1}{\376\377\0003\000.\0007\000.\0001\000\040\000M\000e\000m\000b\000e\000r\000\040\000F\000u\000n\000c\000t\000i\000o\000n\000\040\000D\000o\000c\000u\000m\000e\000n\000t\000a\000t\000i\000o\000n}{section.3.7}% 76
\BOOKMARK [3][-]{subsubsection.3.7.1.1}{\376\377\0003\000.\0007\000.\0001\000.\0001\000\040\000c\000h\000a\000n\000g\000e\000S\000t\000o\000c\000k\000\050\000\051}{subsection.3.7.1}% 77
\BOOKMARK [3][-]{subsubsection.3.7.1.2}{\376\377\0003\000.\0007\000.\0001\000.\0002\000\040\000c\000o\000u\000t\000R\000e\000c\000e\000i\000p\000t\000F\000o\000r\000m\000a\000t\000\050\000\051}{subsection.3.7.1}% 78
\BOOKMARK [3][-]{subsubsection.3.7.1.3}{\376\377\0003\000.\0007\000.\0001\000.\0003\000\040\000d\000e\000c\000i\000d\000e\000I\000f\000D\000i\000s\000c\000o\000u\000n\000t\000\050\000\051}{subsection.3.7.1}% 79
\BOOKMARK [3][-]{subsubsection.3.7.1.4}{\376\377\0003\000.\0007\000.\0001\000.\0004\000\040\000u\000s\000e\000r\000U\000p\000d\000a\000t\000e\000S\000t\000o\000c\000k\000N\000u\000m\000b\000e\000r\000\050\000\051}{subsection.3.7.1}% 80
\BOOKMARK [2][-]{subsection.3.7.2}{\376\377\0003\000.\0007\000.\0002\000\040\000F\000r\000i\000e\000n\000d\000s\000\040\000A\000n\000d\000\040\000R\000e\000l\000a\000t\000e\000d\000\040\000F\000u\000n\000c\000t\000i\000o\000n\000\040\000D\000o\000c\000u\000m\000e\000n\000t\000a\000t\000i\000o\000n}{section.3.7}% 81
\BOOKMARK [3][-]{subsubsection.3.7.2.1}{\376\377\0003\000.\0007\000.\0002\000.\0001\000\040\000o\000p\000e\000r\000a\000t\000o\000r\000<\000<}{subsection.3.7.2}% 82
\BOOKMARK [3][-]{subsubsection.3.7.2.2}{\376\377\0003\000.\0007\000.\0002\000.\0002\000\040\000o\000p\000e\000r\000a\000t\000o\000r\000>\000>}{subsection.3.7.2}% 83
\BOOKMARK [1][-]{section.3.8}{\376\377\0003\000.\0008\000\040\000P\000r\000o\000d\000u\000c\000t\000\040\000C\000l\000a\000s\000s\000\040\000R\000e\000f\000e\000r\000e\000n\000c\000e}{chapter.3}% 84
\BOOKMARK [2][-]{subsection.3.8.1}{\376\377\0003\000.\0008\000.\0001\000\040\000M\000e\000m\000b\000e\000r\000\040\000F\000u\000n\000c\000t\000i\000o\000n\000\040\000D\000o\000c\000u\000m\000e\000n\000t\000a\000t\000i\000o\000n}{section.3.8}% 85
\BOOKMARK [3][-]{subsubsection.3.8.1.1}{\376\377\0003\000.\0008\000.\0001\000.\0001\000\040\000c\000o\000u\000t\000R\000e\000c\000e\000i\000p\000t\000F\000o\000r\000m\000a\000t\000\050\000\051}{subsection.3.8.1}% 86
\BOOKMARK [3][-]{subsubsection.3.8.1.2}{\376\377\0003\000.\0008\000.\0001\000.\0002\000\040\000d\000e\000c\000i\000d\000e\000I\000f\000D\000i\000s\000c\000o\000u\000n\000t\000\050\000\051}{subsection.3.8.1}% 87
\BOOKMARK [3][-]{subsubsection.3.8.1.3}{\376\377\0003\000.\0008\000.\0001\000.\0003\000\040\000r\000e\000t\000u\000r\000n\000P\000r\000o\000d\000u\000c\000t\000T\000y\000p\000e\000\050\000\051}{subsection.3.8.1}% 88
\BOOKMARK [3][-]{subsubsection.3.8.1.4}{\376\377\0003\000.\0008\000.\0001\000.\0004\000\040\000r\000e\000t\000u\000r\000n\000S\000p\000e\000c\000i\000e\000s\000\050\000\051}{subsection.3.8.1}% 89
\BOOKMARK [3][-]{subsubsection.3.8.1.5}{\376\377\0003\000.\0008\000.\0001\000.\0005\000\040\000u\000s\000e\000r\000U\000p\000d\000a\000t\000e\000C\000o\000s\000t\000\050\000\051}{subsection.3.8.1}% 90
\BOOKMARK [3][-]{subsubsection.3.8.1.6}{\376\377\0003\000.\0008\000.\0001\000.\0006\000\040\000u\000s\000e\000r\000U\000p\000d\000a\000t\000e\000P\000r\000i\000c\000e\000\050\000\051}{subsection.3.8.1}% 91
\BOOKMARK [3][-]{subsubsection.3.8.1.7}{\376\377\0003\000.\0008\000.\0001\000.\0007\000\040\000u\000s\000e\000r\000U\000p\000d\000a\000t\000e\000S\000p\000e\000c\000i\000e\000s\000\050\000\051}{subsection.3.8.1}% 92
\BOOKMARK [2][-]{subsection.3.8.2}{\376\377\0003\000.\0008\000.\0002\000\040\000F\000r\000i\000e\000n\000d\000s\000\040\000A\000n\000d\000\040\000R\000e\000l\000a\000t\000e\000d\000\040\000F\000u\000n\000c\000t\000i\000o\000n\000\040\000D\000o\000c\000u\000m\000e\000n\000t\000a\000t\000i\000o\000n}{section.3.8}% 93
\BOOKMARK [3][-]{subsubsection.3.8.2.1}{\376\377\0003\000.\0008\000.\0002\000.\0001\000\040\000o\000p\000e\000r\000a\000t\000o\000r\000<\000<}{subsection.3.8.2}% 94
\BOOKMARK [1][-]{section.3.9}{\376\377\0003\000.\0009\000\040\000R\000e\000c\000e\000i\000p\000t\000\040\000C\000l\000a\000s\000s\000\040\000R\000e\000f\000e\000r\000e\000n\000c\000e}{chapter.3}% 95
\BOOKMARK [2][-]{subsection.3.9.1}{\376\377\0003\000.\0009\000.\0001\000\040\000M\000e\000m\000b\000e\000r\000\040\000F\000u\000n\000c\000t\000i\000o\000n\000\040\000D\000o\000c\000u\000m\000e\000n\000t\000a\000t\000i\000o\000n}{section.3.9}% 96
\BOOKMARK [3][-]{subsubsection.3.9.1.1}{\376\377\0003\000.\0009\000.\0001\000.\0001\000\040\000a\000d\000d\000P\000r\000o\000d\000u\000c\000t\000\050\000\051}{subsection.3.9.1}% 97
\BOOKMARK [2][-]{subsection.3.9.2}{\376\377\0003\000.\0009\000.\0002\000\040\000F\000r\000i\000e\000n\000d\000s\000\040\000A\000n\000d\000\040\000R\000e\000l\000a\000t\000e\000d\000\040\000F\000u\000n\000c\000t\000i\000o\000n\000\040\000D\000o\000c\000u\000m\000e\000n\000t\000a\000t\000i\000o\000n}{section.3.9}% 98
\BOOKMARK [3][-]{subsubsection.3.9.2.1}{\376\377\0003\000.\0009\000.\0002\000.\0001\000\040\000o\000p\000e\000r\000a\000t\000o\000r\000<\000<}{subsection.3.9.2}% 99
\BOOKMARK [0][-]{section*.35}{\376\377\000I\000n\000d\000e\000x}{}% 100
